<?xml version="1.0" encoding="UTF-8" ?>
<testsuite errors="0" failures="0" hostname="hoved" name="uk.ac.glasgow.senotes.ant.test.HelloWorldTest" tests="1" time="0.061" timestamp="2015-10-14T13:59:20">
  <properties>
    <property name="file.encoding.pkg" value="sun.io" />
    <property name="ivy.retrieve.pattern.ivy.instance" value="/users/level3/2147392n/nclandrei/tp3/trunk/ant/lib/[artifact]-[revision](-[classifier]).[ext]" />
    <property name="java.vendor.url.ivy.instance" value="http://java.oracle.com/" />
    <property name="ivy.project.dir.ivy.instance" value="/users/level3/2147392n/nclandrei/tp3/trunk/ant" />
    <property name="ivy.resolve.default.type.filter" value="*" />
    <property name="java.home" value="/usr/lib/jvm/java-1.7.0-openjdk-1.7.0.65.x86_64/jre" />
    <property name="ivy.configurations.ivy.instance" value="*" />
    <property name="ivy.basedir.ivy.instance" value="/users/level3/2147392n/nclandrei/tp3/trunk/ant" />
    <property name="ivy.dep.file.ivy.instance" value="ivy.xml" />
    <property name="java.endorsed.dirs" value="/usr/lib/jvm/java-1.7.0-openjdk-1.7.0.65.x86_64/jre/lib/endorsed" />
    <property name="java.class.path.ivy.instance" value="/usr/share/java/ant.jar:/usr/share/java/ant-launcher.jar:/usr/share/java/jaxp_parser_impl.jar:/usr/share/java/xml-commons-apis.jar:/usr/share/java/ivy.jar:/usr/share/java/junit.jar:/usr/share/java/ant/ant-junit.jar:/usr/share/java/ant/ant-nodeps.jar:/usr/lib/jvm/java/lib/tools.jar:/usr/share/ant/lib/ant-bootstrap.jar:/usr/share/ant/lib/ant-launcher.jar:/usr/share/ant/lib/ant-nodeps.jar:/usr/share/ant/lib/ant.jar:/usr/share/ant/lib/ant-junit.jar" />
    <property name="ivy.home" value="/users/level3/2147392n/.ivy2" />
    <property name="exec.dir" value="" />
    <property name="java.vm.specification.vendor.ivy.instance" value="Oracle Corporation" />
    <property name="sun.os.patch.level" value="unknown" />
    <property name="ivy.dep.file" value="ivy.xml" />
    <property name="java.vendor.url" value="http://java.oracle.com/" />
    <property name="ivy.lib.dir.ivy.instance" value="/users/level3/2147392n/nclandrei/tp3/trunk/ant/lib" />
    <property name="java.version" value="1.7.0_65" />
    <property name="ivy.conf.dir.ivy.instance" value="/users/level3/2147392n/nclandrei/tp3/trunk/ant" />
    <property name="sun.boot.library.path.ivy.instance" value="/usr/lib/jvm/java-1.7.0-openjdk-1.7.0.65.x86_64/jre/lib/amd64" />
    <property name="ivy.report.output.pattern.ivy.instance" value="[organisation]-[module]-[conf].[ext]" />
    <property name="ivy.module" value="senotes.workshop.ant" />
    <property name="ivy.publish.src.artifacts.pattern.ivy.instance" value="/users/level3/2147392n/nclandrei/tp3/trunk/ant/distrib/[type]s/[artifact]-[revision](-[classifier]).[ext]" />
    <property name="java.vendor.url.bug" value="http://bugreport.sun.com/bugreport/" />
    <property name="sun.management.compiler.ivy.instance" value="HotSpot 64-Bit Tiered Compilers" />
    <property name="os.name.ivy.instance" value="Linux" />
    <property name="ivy.default.ivy.user.dir.ivy.instance" value="/users/level3/2147392n/.ivy2" />
    <property name="ivy.default.always.check.exact.revision" value="false" />
    <property name="ivy.default.settings.dir.ivy.instance" value="jar:file:/usr/share/java/ivy-2.3.0.jar!/org/apache/ivy/core/settings" />
    <property name="user.name" value="2147392n" />
    <property name="sun.io.unicode.encoding" value="UnicodeLittle" />
    <property name="sun.jnu.encoding" value="ISO-8859-1" />
    <property name="java.runtime.name" value="OpenJDK Runtime Environment" />
    <property name="ant.home.ivy.instance" value="/usr/share/ant" />
    <property name="file.encoding.ivy.instance" value="ISO-8859-1" />
    <property name="ivy.cache.ttl.default.ivy.instance" value="10s" />
    <property name="ivy.conf.file.ivy.instance" value="/users/level3/2147392n/nclandrei/tp3/trunk/ant/ivysettings.xml" />
    <property name="java.specification.vendor.ivy.instance" value="Oracle Corporation" />
    <property name="java.vendor.ivy.instance" value="Oracle Corporation" />
    <property name="sun.cpu.isalist.ivy.instance" value="" />
    <property name="java.specification.name" value="Java Platform API Specification" />
    <property name="user.timezone" value="" />
    <property name="java.endorsed.dirs.ivy.instance" value="/usr/lib/jvm/java-1.7.0-openjdk-1.7.0.65.x86_64/jre/lib/endorsed" />
    <property name="path.separator" value=":" />
    <property name="java.class.version.ivy.instance" value="51.0" />
    <property name="ivy.default.conf.dir" value="jar:file:/usr/share/java/ivy-2.3.0.jar!/org/apache/ivy/core/settings" />
    <property name="file.encoding" value="ISO-8859-1" />
    <property name="java.runtime.name.ivy.instance" value="OpenJDK Runtime Environment" />
    <property name="ivy.resolve.default.type.filter.ivy.instance" value="*" />
    <property name="ivy.targets.copied" value="false" />
    <property name="sun.java.command" value="org.apache.tools.ant.launch.Launcher -cp  test" />
    <property name="ant.file" value="/users/level3/2147392n/nclandrei/tp3/trunk/ant/build.xml" />
    <property name="ivy.distrib.dir.ivy.instance" value="/users/level3/2147392n/nclandrei/tp3/trunk/ant/distrib" />
    <property name="ivy.checksums.ivy.instance" value="sha1,md5" />
    <property name="sun.arch.data.model.ivy.instance" value="64" />
    <property name="ivy.build.artifacts.dir.ivy.instance" value="/users/level3/2147392n/nclandrei/tp3/trunk/ant/build/artifacts" />
    <property name="ivy.settings.file" value="ivysettings.xml" />
    <property name="java.io.tmpdir" value="/tmp" />
    <property name="ivy.buildlist.ivyfilepath.ivy.instance" value="ivy.xml" />
    <property name="ivy.cache.ttl.default" value="10s" />
    <property name="user.language" value="en" />
    <property name="user.dir.ivy.instance" value="/users/level3/2147392n/nclandrei/tp3/trunk/ant" />
    <property name="ivy.home.ivy.instance" value="/users/level3/2147392n/.ivy2" />
    <property name="line.separator" value="
" />
    <property name="java.specification.version.ivy.instance" value="1.7" />
    <property name="ivy.build.artifacts.dir" value="/users/level3/2147392n/nclandrei/tp3/trunk/ant/build/artifacts" />
    <property name="sun.io.unicode.encoding.ivy.instance" value="UnicodeLittle" />
    <property name="ivy.status" value="integration" />
    <property name="java.vm.info" value="mixed mode" />
    <property name="ivy.lib.dir" value="/users/level3/2147392n/nclandrei/tp3/trunk/ant/lib" />
    <property name="java.vm.specification.name" value="Java Virtual Machine Specification" />
    <property name="ivy.default.conf.dir.ivy.instance" value="jar:file:/usr/share/java/ivy-2.3.0.jar!/org/apache/ivy/core/settings" />
    <property name="java.vm.version.ivy.instance" value="24.65-b04" />
    <property name="user.name.ivy.instance" value="2147392n" />
    <property name="ivy.cache.dir" value="/users/level3/2147392n/.ivy2/cache" />
    <property name="java.awt.printerjob" value="sun.print.PSPrinterJob" />
    <property name="java.io.tmpdir.ivy.instance" value="/tmp" />
    <property name="ant.version" value="Apache Ant version 1.7.1 compiled on November 24 2010" />
    <property name="java.home.ivy.instance" value="/usr/lib/jvm/java-1.7.0-openjdk-1.7.0.65.x86_64/jre" />
    <property name="java.vm.vendor.ivy.instance" value="Oracle Corporation" />
    <property name="ivy.default.settings.dir" value="jar:file:/usr/share/java/ivy-2.3.0.jar!/org/apache/ivy/core/settings" />
    <property name="ivy.configurations" value="*" />
    <property name="ivy.settings.url" value="file:/users/level3/2147392n/nclandrei/tp3/trunk/ant/ivysettings.xml" />
    <property name="os.name" value="Linux" />
    <property name="java.specification.vendor" value="Oracle Corporation" />
    <property name="sun.jnu.encoding.ivy.instance" value="ISO-8859-1" />
    <property name="ivy.deliver.ivy.pattern.ivy.instance" value="/users/level3/2147392n/nclandrei/tp3/trunk/ant/distrib/[type]s/[artifact]-[revision](-[classifier]).[ext]" />
    <property name="ivy.checksums" value="sha1,md5" />
    <property name="java.vm.name" value="OpenJDK 64-Bit Server VM" />
    <property name="ivy.log.modules.in.use" value="false" />
    <property name="java.runtime.version.ivy.instance" value="1.7.0_65-mockbuild_2014_07_16_05_06-b00" />
    <property name="ivy.report.output.pattern" value="[organisation]-[module]-[conf].[ext]" />
    <property name="ivy.version" value="2.3.0-local-20131108183505" />
    <property name="java.library.path" value="/usr/java/packages/lib/amd64:/usr/lib64:/lib64:/lib:/usr/lib" />
    <property name="ivy.conf.url" value="file:/users/level3/2147392n/nclandrei/tp3/trunk/ant/ivysettings.xml" />
    <property name="java.vm.name.ivy.instance" value="OpenJDK 64-Bit Server VM" />
    <property name="os.version.ivy.instance" value="2.6.32-431.23.3.el6.x86_64" />
    <property name="line.separator.ivy.instance" value="
" />
    <property name="ant.java.version" value="1.6" />
    <property name="sun.cpu.endian.ivy.instance" value="little" />
    <property name="java.vm.specification.name.ivy.instance" value="Java Virtual Machine Specification" />
    <property name="basedir" value="/users/level3/2147392n/nclandrei/tp3/trunk/ant" />
    <property name="java.class.version" value="51.0" />
    <property name="ivy.settings.url.ivy.instance" value="file:/users/level3/2147392n/nclandrei/tp3/trunk/ant/ivysettings.xml" />
    <property name="path.separator.ivy.instance" value=":" />
    <property name="sun.boot.class.path.ivy.instance" value="/usr/lib/jvm/java-1.7.0-openjdk-1.7.0.65.x86_64/jre/lib/resources.jar:/usr/lib/jvm/java-1.7.0-openjdk-1.7.0.65.x86_64/jre/lib/rt.jar:/usr/lib/jvm/java-1.7.0-openjdk-1.7.0.65.x86_64/jre/lib/sunrsasign.jar:/usr/lib/jvm/java-1.7.0-openjdk-1.7.0.65.x86_64/jre/lib/jsse.jar:/usr/lib/jvm/java-1.7.0-openjdk-1.7.0.65.x86_64/jre/lib/jce.jar:/usr/lib/jvm/java-1.7.0-openjdk-1.7.0.65.x86_64/jre/lib/charsets.jar:/usr/lib/jvm/java-1.7.0-openjdk-1.7.0.65.x86_64/jre/lib/rhino.jar:/usr/lib/jvm/java-1.7.0-openjdk-1.7.0.65.x86_64/jre/lib/jfr.jar:/usr/lib/jvm/java-1.7.0-openjdk-1.7.0.65.x86_64/jre/classes" />
    <property name="ant.home" value="/usr/share/ant" />
    <property name="ivy.resolved.configurations" value="default" />
    <property name="ivy.deliver.ivy.pattern" value="/users/level3/2147392n/nclandrei/tp3/trunk/ant/distrib/[type]s/[artifact]-[revision](-[classifier]).[ext]" />
    <property name="sun.boot.library.path" value="/usr/lib/jvm/java-1.7.0-openjdk-1.7.0.65.x86_64/jre/lib/amd64" />
    <property name="ivy.default.always.check.exact.revision.ivy.instance" value="false" />
    <property name="java.library.path.ivy.instance" value="/usr/java/packages/lib/amd64:/usr/lib64:/lib64:/lib:/usr/lib" />
    <property name="awt.toolkit.ivy.instance" value="sun.awt.X11.XToolkit" />
    <property name="ivy.basedir" value="/users/level3/2147392n/nclandrei/tp3/trunk/ant" />
    <property name="sun.management.compiler" value="HotSpot 64-Bit Tiered Compilers" />
    <property name="java.ext.dirs.ivy.instance" value="/usr/lib/jvm/java-1.7.0-openjdk-1.7.0.65.x86_64/jre/lib/ext:/usr/java/packages/lib/ext" />
    <property name="java.awt.graphicsenv" value="sun.awt.X11GraphicsEnvironment" />
    <property name="ivy.log.modules.in.use.ivy.instance" value="false" />
    <property name="sun.os.patch.level.ivy.instance" value="unknown" />
    <property name="file.encoding.pkg.ivy.instance" value="sun.io" />
    <property name="ivy.resolver.default.check.modified" value="false" />
    <property name="ivy.settings.file.ivy.instance" value="/users/level3/2147392n/nclandrei/tp3/trunk/ant/ivysettings.xml" />
    <property name="ivy.nb.targets.copied" value="0" />
    <property name="ant.project.name" value="se-notes.workshop.ant" />
    <property name="java.vm.specification.version" value="1.7" />
    <property name="ivy.cache.dir.ivy.instance" value="/users/level3/2147392n/.ivy2/cache" />
    <property name="ivy.status.ivy.instance" value="integration" />
    <property name="awt.toolkit" value="sun.awt.X11.XToolkit" />
    <property name="sun.cpu.isalist" value="" />
    <property name="file.separator.ivy.instance" value="/" />
    <property name="ant.file.se-notes.workshop.ant" value="/users/level3/2147392n/nclandrei/tp3/trunk/ant/build.xml" />
    <property name="java.ext.dirs" value="/usr/lib/jvm/java-1.7.0-openjdk-1.7.0.65.x86_64/jre/lib/ext:/usr/java/packages/lib/ext" />
    <property name="ivy.deps.changed" value="false" />
    <property name="os.version" value="2.6.32-431.23.3.el6.x86_64" />
    <property name="user.home" value="/users/level3/2147392n" />
    <property name="sun.java.launcher.ivy.instance" value="SUN_STANDARD" />
    <property name="java.vm.vendor" value="Oracle Corporation" />
    <property name="ivy.organisation" value="uk.ac.glasgow" />
    <property name="user.dir" value="/users/level3/2147392n/nclandrei/tp3/trunk/ant" />
    <property name="ant.library.dir.ivy.instance" value="/usr/share/ant/lib" />
    <property name="ivy.publish.src.artifacts.pattern" value="/users/level3/2147392n/nclandrei/tp3/trunk/ant/distrib/[type]s/[artifact]-[revision](-[classifier]).[ext]" />
    <property name="java.vm.info.ivy.instance" value="mixed mode" />
    <property name="sun.java.command.ivy.instance" value="org.apache.tools.ant.launch.Launcher -cp  test" />
    <property name="ivy.distrib.dir" value="/users/level3/2147392n/nclandrei/tp3/trunk/ant/distrib" />
    <property name="sun.cpu.endian" value="little" />
    <property name="ivy.revision" value="working@hoved" />
    <property name="user.timezone.ivy.instance" value="Europe/London" />
    <property name="java.vm.version" value="24.65-b04" />
    <property name="java.class.path" value="/usr/share/java/ant.jar:/usr/share/java/ant-launcher.jar:/usr/share/java/jaxp_parser_impl.jar:/usr/share/java/xml-commons-apis.jar:/usr/share/java/ivy.jar:/usr/share/java/junit.jar:/usr/share/java/ant/ant-junit.jar:/usr/share/java/ant/ant-nodeps.jar:/usr/lib/jvm/java/lib/tools.jar:/usr/share/ant/lib/ant-bootstrap.jar:/usr/share/ant/lib/ant-launcher.jar:/usr/share/ant/lib/ant-nodeps.jar:/usr/share/ant/lib/ant.jar:/usr/share/ant/lib/ant-junit.jar" />
    <property name="ivy.default.ivy.user.dir" value="/users/level3/2147392n/.ivy2" />
    <property name="user.home.ivy.instance" value="/users/level3/2147392n" />
    <property name="basedir.ivy.instance" value="/users/level3/2147392n/nclandrei/tp3/trunk/ant" />
    <property name="ant.library.dir" value="/usr/share/ant/lib" />
    <property name="os.arch" value="amd64" />
    <property name="ivy.conf.file" value="/users/level3/2147392n/nclandrei/tp3/trunk/ant/ivysettings.xml" />
    <property name="java.awt.graphicsenv.ivy.instance" value="sun.awt.X11GraphicsEnvironment" />
    <property name="java.vendor.url.bug.ivy.instance" value="http://bugreport.sun.com/bugreport/" />
    <property name="java.vm.specification.version.ivy.instance" value="1.7" />
    <property name="sun.java.launcher" value="SUN_STANDARD" />
    <property name="java.awt.printerjob.ivy.instance" value="sun.print.PSPrinterJob" />
    <property name="ivy.settings.dir.ivy.instance" value="/users/level3/2147392n/nclandrei/tp3/trunk/ant" />
    <property name="ivy.resolver.default.check.modified.ivy.instance" value="false" />
    <property name="ant.core.lib" value="/usr/share/java/ant-1.7.1.jar" />
    <property name="java.vm.specification.vendor" value="Oracle Corporation" />
    <property name="ivy.settings.dir" value="/users/level3/2147392n/nclandrei/tp3/trunk/ant" />
    <property name="install.dir" value="" />
    <property name="file.separator" value="/" />
    <property name="user.language.ivy.instance" value="en" />
    <property name="user.country.ivy.instance" value="GB" />
    <property name="ivy.conf.url.ivy.instance" value="file:/users/level3/2147392n/nclandrei/tp3/trunk/ant/ivysettings.xml" />
    <property name="java.specification.name.ivy.instance" value="Java Platform API Specification" />
    <property name="java.runtime.version" value="1.7.0_65-mockbuild_2014_07_16_05_06-b00" />
    <property name="sun.boot.class.path" value="/usr/lib/jvm/java-1.7.0-openjdk-1.7.0.65.x86_64/jre/lib/resources.jar:/usr/lib/jvm/java-1.7.0-openjdk-1.7.0.65.x86_64/jre/lib/rt.jar:/usr/lib/jvm/java-1.7.0-openjdk-1.7.0.65.x86_64/jre/lib/sunrsasign.jar:/usr/lib/jvm/java-1.7.0-openjdk-1.7.0.65.x86_64/jre/lib/jsse.jar:/usr/lib/jvm/java-1.7.0-openjdk-1.7.0.65.x86_64/jre/lib/jce.jar:/usr/lib/jvm/java-1.7.0-openjdk-1.7.0.65.x86_64/jre/lib/charsets.jar:/usr/lib/jvm/java-1.7.0-openjdk-1.7.0.65.x86_64/jre/lib/rhino.jar:/usr/lib/jvm/java-1.7.0-openjdk-1.7.0.65.x86_64/jre/lib/jfr.jar:/usr/lib/jvm/java-1.7.0-openjdk-1.7.0.65.x86_64/jre/classes" />
    <property name="ivy.conf.dir" value="/users/level3/2147392n/nclandrei/tp3/trunk/ant" />
    <property name="ivy.retrieve.pattern" value="/users/level3/2147392n/nclandrei/tp3/trunk/ant/lib/[artifact]-[revision](-[classifier]).[ext]" />
    <property name="user.country" value="GB" />
    <property name="java.version.ivy.instance" value="1.7.0_65" />
    <property name="ivy.resolved.file" value="/users/level3/2147392n/nclandrei/tp3/trunk/ant/ivy.xml" />
    <property name="os.arch.ivy.instance" value="amd64" />
    <property name="java.vendor" value="Oracle Corporation" />
    <property name="ivy.project.dir" value="/users/level3/2147392n/nclandrei/tp3/trunk/ant" />
    <property name="java.specification.version" value="1.7" />
    <property name="ivy.buildlist.ivyfilepath" value="ivy.xml" />
    <property name="sun.arch.data.model" value="64" />
  </properties>
  <testcase classname="uk.ac.glasgow.senotes.ant.test.HelloWorldTest" name="testDummyMethod" time="0.005" />
  <system-out><![CDATA[]]></system-out>
  <system-err><![CDATA[]]></system-err>
</testsuite>
